[2023-04-26T12:53:36.860] [DEBUG] cheese - login => username:zs,password:123456
[2023-04-26T12:53:36.864] [DEBUG] cheese - zs
[2023-04-26T12:53:36.878] [DEBUG] cheese - null
[2023-04-26T12:53:36.878] [DEBUG] cheese - null
[2023-04-26T12:54:12.711] [DEBUG] cheese - login => username:admin,password:123456
[2023-04-26T12:54:12.711] [DEBUG] cheese - admin
[2023-04-26T12:54:12.716] [DEBUG] cheese - null
[2023-04-26T12:54:12.716] [DEBUG] cheese - null
[2023-10-21T15:27:33.078] [DEBUG] cheese - login => username:zs,password:123456
[2023-10-21T15:27:33.079] [DEBUG] cheese - zs
[2023-10-21T15:27:33.094] [DEBUG] cheese - null
[2023-10-21T15:27:33.094] [DEBUG] cheese - null
[2023-10-21T15:28:11.807] [DEBUG] cheese - login => username:admin,password:123456
[2023-10-21T15:28:11.807] [DEBUG] cheese - admin
[2023-10-21T15:28:11.811] [DEBUG] cheese - null
[2023-10-21T15:28:11.811] [DEBUG] cheese - null
[2023-10-21T15:29:00.516] [DEBUG] cheese - login => username:admin,password:123456
[2023-10-21T15:31:00.985] [DEBUG] cheese - login => username:admin,password:123456
[2023-10-21T15:31:00.988] [DEBUG] cheese - admin
[2023-10-21T15:31:00.998] [DEBUG] cheese - null
[2023-10-21T15:31:00.998] [DEBUG] cheese - null
[2023-10-21T15:38:05.113] [DEBUG] cheese - login => username:admin,password:admin
[2023-10-21T15:38:05.115] [DEBUG] cheese - admin
[2023-10-21T15:38:05.338] [DEBUG] cheese - null
[2023-10-21T15:38:05.338] [DEBUG] cheese - null
[2023-10-21T15:38:59.913] [DEBUG] cheese - login => username:admin,password:admin
[2023-10-21T15:38:59.913] [DEBUG] cheese - admin
[2023-10-21T15:38:59.918] [DEBUG] cheese - null
[2023-10-21T15:38:59.918] [DEBUG] cheese - null
[2023-10-21T15:41:01.851] [DEBUG] cheese - login => username:admin,password:123456
[2023-10-21T15:41:01.851] [DEBUG] cheese - admin
[2023-10-21T15:41:01.855] [DEBUG] cheese - null
[2023-10-21T15:41:01.855] [DEBUG] cheese - null
[2023-10-21T15:49:39.586] [DEBUG] cheese - login => username:admin,password:123456
[2023-10-21T15:49:39.587] [DEBUG] cheese - admin
[2023-10-21T15:49:39.603] [DEBUG] cheese - null
[2023-10-21T15:49:39.603] [DEBUG] cheese - null
[2023-10-21T15:50:46.460] [DEBUG] cheese - login => username:admin,password:123456
[2023-10-21T15:50:46.460] [DEBUG] cheese - admin
[2023-10-21T15:50:46.462] [DEBUG] cheese - null
[2023-10-21T15:50:46.462] [DEBUG] cheese - null
[2023-10-21T15:50:52.204] [DEBUG] cheese - login => username:admin1,password:123456
[2023-10-21T15:50:52.204] [DEBUG] cheese - admin1
[2023-10-21T15:50:52.212] [DEBUG] cheese - null
[2023-10-21T15:50:52.213] [DEBUG] cheese - null
[2023-10-21T15:50:53.328] [DEBUG] cheese - login => username:admin1,password:123456
[2023-10-21T15:50:53.328] [DEBUG] cheese - admin1
[2023-10-21T15:50:53.347] [DEBUG] cheese - null
[2023-10-21T15:50:53.347] [DEBUG] cheese - null
[2023-10-21T15:50:53.761] [DEBUG] cheese - login => username:admin1,password:123456
[2023-10-21T15:50:53.761] [DEBUG] cheese - admin1
[2023-10-21T15:50:53.763] [DEBUG] cheese - null
[2023-10-21T15:50:53.763] [DEBUG] cheese - null
[2023-10-21T15:50:54.099] [DEBUG] cheese - login => username:admin1,password:123456
[2023-10-21T15:50:54.099] [DEBUG] cheese - admin1
[2023-10-21T15:50:54.101] [DEBUG] cheese - null
[2023-10-21T15:50:54.101] [DEBUG] cheese - null
[2023-10-21T15:50:54.428] [DEBUG] cheese - login => username:admin1,password:123456
[2023-10-21T15:50:54.428] [DEBUG] cheese - admin1
[2023-10-21T15:50:54.430] [DEBUG] cheese - null
[2023-10-21T15:50:54.430] [DEBUG] cheese - null
[2023-10-21T15:50:56.325] [DEBUG] cheese - login => username:admin1,password:123456
[2023-10-21T15:50:56.325] [DEBUG] cheese - admin1
[2023-10-21T15:50:56.326] [DEBUG] cheese - null
[2023-10-21T15:50:56.326] [DEBUG] cheese - null
[2023-10-21T15:50:56.725] [DEBUG] cheese - login => username:admin1,password:123456
[2023-10-21T15:50:56.725] [DEBUG] cheese - admin1
[2023-10-21T15:50:56.727] [DEBUG] cheese - null
[2023-10-21T15:50:56.727] [DEBUG] cheese - null
[2023-10-21T15:50:56.977] [DEBUG] cheese - login => username:admin1,password:123456
[2023-10-21T15:50:56.977] [DEBUG] cheese - admin1
[2023-10-21T15:50:56.979] [DEBUG] cheese - null
[2023-10-21T15:50:56.979] [DEBUG] cheese - null
[2023-10-21T15:50:57.144] [DEBUG] cheese - login => username:admin1,password:123456
[2023-10-21T15:50:57.144] [DEBUG] cheese - admin1
[2023-10-21T15:50:57.146] [DEBUG] cheese - null
[2023-10-21T15:50:57.146] [DEBUG] cheese - null
[2023-10-21T15:51:03.660] [DEBUG] cheese - login => username:admin1,password:123456
[2023-10-21T15:51:03.661] [DEBUG] cheese - admin1
[2023-10-21T15:51:03.664] [DEBUG] cheese - null
[2023-10-21T15:51:03.664] [DEBUG] cheese - null
[2023-10-21T15:53:40.338] [DEBUG] cheese - login => username:admin,password:123456
[2023-10-21T15:53:40.339] [DEBUG] cheese - admin
[2023-10-21T15:53:40.345] [DEBUG] cheese - null
[2023-10-21T15:53:40.346] [DEBUG] cheese - null
[2023-10-21T16:12:29.580] [DEBUG] cheese - login => username:admin,password:admin
[2023-10-21T16:12:29.581] [DEBUG] cheese - admin
[2023-10-21T16:12:29.588] [DEBUG] cheese - null
[2023-10-21T16:12:29.588] [DEBUG] cheese - null
[2023-10-21T16:12:39.762] [DEBUG] cheese - login => username:admin,password:admin
[2023-10-21T16:12:39.762] [DEBUG] cheese - admin
[2023-10-21T16:12:39.766] [DEBUG] cheese - null
[2023-10-21T16:12:39.766] [DEBUG] cheese - null
[2023-10-21T16:12:41.697] [DEBUG] cheese - login => username:admin,password:admin
[2023-10-21T16:12:41.697] [DEBUG] cheese - admin
[2023-10-21T16:12:41.710] [DEBUG] cheese - null
[2023-10-21T16:12:41.710] [DEBUG] cheese - null
[2023-10-21T16:12:47.616] [DEBUG] cheese - login => username:admin,password:admin
[2023-10-21T16:12:47.616] [DEBUG] cheese - admin
[2023-10-21T16:12:47.622] [DEBUG] cheese - null
[2023-10-21T16:12:47.622] [DEBUG] cheese - null
[2023-10-21T16:12:48.562] [DEBUG] cheese - login => username:admin,password:admin
[2023-10-21T16:12:48.562] [DEBUG] cheese - admin
[2023-10-21T16:12:48.565] [DEBUG] cheese - null
[2023-10-21T16:12:48.565] [DEBUG] cheese - null
[2023-10-21T16:12:58.896] [DEBUG] cheese - login => username:admin,password:123456
[2023-10-21T16:12:58.896] [DEBUG] cheese - admin
[2023-10-21T16:12:58.901] [DEBUG] cheese - null
[2023-10-21T16:12:58.901] [DEBUG] cheese - null
[2023-10-21T16:14:05.089] [DEBUG] cheese - login => username:admin,password:123456
[2023-10-21T16:14:05.089] [DEBUG] cheese - admin
[2023-10-21T16:14:05.092] [DEBUG] cheese - null
[2023-10-21T16:14:05.092] [DEBUG] cheese - null
[2023-10-21T16:14:28.139] [DEBUG] cheese - login => username:admin,password:123456
[2023-10-21T16:14:28.139] [DEBUG] cheese - admin
[2023-10-21T16:14:28.144] [DEBUG] cheese - null
[2023-10-21T16:14:28.145] [DEBUG] cheese - null
[2023-10-21T16:15:15.363] [DEBUG] cheese - login => username:admin,password:1234562
[2023-10-21T16:15:15.363] [DEBUG] cheese - admin
[2023-10-21T16:15:15.365] [DEBUG] cheese - null
[2023-10-21T16:15:15.365] [DEBUG] cheese - null
[2023-10-21T16:15:16.346] [DEBUG] cheese - login => username:admin,password:1234562
[2023-10-21T16:15:16.346] [DEBUG] cheese - admin
[2023-10-21T16:15:16.353] [DEBUG] cheese - null
[2023-10-21T16:15:16.354] [DEBUG] cheese - null
[2023-10-21T16:15:22.148] [DEBUG] cheese - login => username:admin2,password:123456
[2023-10-21T16:15:22.148] [DEBUG] cheese - admin2
[2023-10-21T16:15:22.151] [DEBUG] cheese - null
[2023-10-21T16:15:22.152] [DEBUG] cheese - null
[2023-10-21T16:15:22.641] [DEBUG] cheese - login => username:admin2,password:123456
[2023-10-21T16:15:22.641] [DEBUG] cheese - admin2
[2023-10-21T16:15:22.642] [DEBUG] cheese - null
[2023-10-21T16:15:22.643] [DEBUG] cheese - null
[2023-10-21T16:15:22.922] [DEBUG] cheese - login => username:admin2,password:123456
[2023-10-21T16:15:22.922] [DEBUG] cheese - admin2
[2023-10-21T16:15:22.928] [DEBUG] cheese - null
[2023-10-21T16:15:22.928] [DEBUG] cheese - null
[2023-10-21T16:15:23.122] [DEBUG] cheese - login => username:admin2,password:123456
[2023-10-21T16:15:23.122] [DEBUG] cheese - admin2
[2023-10-21T16:15:23.123] [DEBUG] cheese - null
[2023-10-21T16:15:23.123] [DEBUG] cheese - null
[2023-10-21T16:15:23.340] [DEBUG] cheese - login => username:admin2,password:123456
[2023-10-21T16:15:23.340] [DEBUG] cheese - admin2
[2023-10-21T16:15:23.341] [DEBUG] cheese - null
[2023-10-21T16:15:23.341] [DEBUG] cheese - null
[2023-10-21T16:15:23.554] [DEBUG] cheese - login => username:admin2,password:123456
[2023-10-21T16:15:23.554] [DEBUG] cheese - admin2
[2023-10-21T16:15:23.556] [DEBUG] cheese - null
[2023-10-21T16:15:23.556] [DEBUG] cheese - null
[2023-10-21T16:15:24.538] [DEBUG] cheese - login => username:admin2,password:123456
[2023-10-21T16:15:24.538] [DEBUG] cheese - admin2
[2023-10-21T16:15:24.553] [DEBUG] cheese - null
[2023-10-21T16:15:24.554] [DEBUG] cheese - null
[2023-10-21T16:15:50.777] [DEBUG] cheese - login => username:admin,password:1234561
[2023-10-21T16:15:50.778] [DEBUG] cheese - admin
[2023-10-21T16:15:50.780] [DEBUG] cheese - null
[2023-10-21T16:15:50.780] [DEBUG] cheese - null
[2023-10-21T16:16:51.464] [DEBUG] cheese - login => username:admin,password:123456
[2023-10-21T16:16:51.464] [DEBUG] cheese - admin
[2023-10-21T16:16:51.466] [DEBUG] cheese - null
[2023-10-21T16:16:51.466] [DEBUG] cheese - null
[2023-10-21T16:17:02.068] [DEBUG] cheese - login => username:admin,password:admin
[2023-10-21T16:17:02.068] [DEBUG] cheese - admin
[2023-10-21T16:17:02.071] [DEBUG] cheese - null
[2023-10-21T16:17:02.071] [DEBUG] cheese - null
[2023-10-21T16:21:54.218] [DEBUG] cheese - login => username:admin,password:admin
[2023-10-21T16:21:54.218] [DEBUG] cheese - admin
[2023-10-21T16:25:21.933] [DEBUG] cheese - login => username:admin,password:admin
[2023-10-21T16:25:21.933] [DEBUG] cheese - admin
[2023-10-21T16:25:22.005] [DEBUG] cheese - login => username:admin,password:123456
[2023-10-21T16:25:22.005] [DEBUG] cheese - admin
[2023-10-21T16:25:22.009] [DEBUG] cheese - null
[2023-10-21T16:25:22.009] [DEBUG] cheese - null
[2023-10-21T16:25:22.086] [DEBUG] cheese - null
[2023-10-21T16:25:22.086] [DEBUG] cheese - null
[2023-10-21T16:25:22.156] [DEBUG] cheese - null
[2023-10-21T16:25:22.156] [DEBUG] cheese - null
[2023-10-21T16:25:28.154] [DEBUG] cheese - login => username:admin,password:123456
[2023-10-21T16:25:28.154] [DEBUG] cheese - admin
[2023-10-21T16:25:28.155] [DEBUG] cheese - null
[2023-10-21T16:25:28.155] [DEBUG] cheese - null
[2023-10-21T16:25:51.445] [DEBUG] cheese - login => username:admine,password:admin
[2023-10-21T16:25:51.445] [DEBUG] cheese - admine
[2023-10-21T16:25:51.447] [DEBUG] cheese - null
[2023-10-21T16:25:51.447] [DEBUG] cheese - null
[2023-10-21T16:26:16.282] [DEBUG] cheese - login => username:admin,password:123456
[2023-10-21T16:26:16.282] [DEBUG] cheese - admin
[2023-10-21T16:26:16.285] [DEBUG] cheese - null
[2023-10-21T16:26:16.285] [DEBUG] cheese - null
[2023-10-21T16:33:48.715] [DEBUG] cheese - login => username:admin,password:123456
[2023-10-21T16:33:48.715] [DEBUG] cheese - admin
[2023-10-21T16:33:48.718] [DEBUG] cheese - null
[2023-10-21T16:33:48.718] [DEBUG] cheese - null
[2023-10-21T16:34:28.603] [DEBUG] cheese - login => username:admin,password:123456
[2023-10-21T16:34:28.604] [DEBUG] cheese - admin
[2023-10-21T16:34:28.608] [DEBUG] cheese - null
[2023-10-21T16:34:28.608] [DEBUG] cheese - null
[2023-10-21T16:36:54.337] [DEBUG] cheese - login => username:admin,password:123456
[2023-10-21T16:36:54.337] [DEBUG] cheese - admin
[2023-10-21T16:36:54.340] [DEBUG] cheese - null
[2023-10-21T16:36:54.340] [DEBUG] cheese - null
[2023-10-21T16:37:38.315] [DEBUG] cheese - login => username:admin,password:123456
[2023-10-21T16:37:38.315] [DEBUG] cheese - admin
[2023-10-21T16:37:38.319] [DEBUG] cheese - null
[2023-10-21T16:37:38.319] [DEBUG] cheese - null
[2023-10-21T17:56:53.059] [DEBUG] cheese - login => username:admin,password:123456
[2023-10-21T17:56:53.063] [DEBUG] cheese - admin
[2023-10-21T17:56:53.089] [DEBUG] cheese - null
[2023-10-21T17:56:53.089] [DEBUG] cheese - null
